19:40:14 **** Rebuild of configuration Debug for project Tp1 ****
Info: Internal Builder is used for build
gcc -O0 -g3 -Wall -c -fmessage-length=0 -o "src\\Tp1.o" "..\\src\\Tp1.c" 
gcc -o Tp1.exe "src\\Tp1.o" 
Info: Nothing to build for Tp1
20:27:42 **** Incremental Build of configuration Debug for project Tp1 ****
Info: Internal Builder is used for build
gcc -O0 -g3 -Wall -c -fmessage-length=0 -o "src\\Tp1.o" "..\\src\\Tp1.c" 
..\src\Tp1.c: In function 'main':
..\src\Tp1.c:31:10: warning: unknown conversion type character ')' in format [-Wformat=]
   31 |   printf("\n1. Ingresar Kilómetros"
      |          ^~~~~~~~~~~~~~~~~~~~~~~~~~
..\src\Tp1.c:34:44: note: format string is defined here
   34 |      "\na) Tarjeta de débito (descuento 10%)"
      |                                            ^
..\src\Tp1.c:31:10: warning: unknown conversion type character ')' in format [-Wformat=]
   31 |   printf("\n1. Ingresar Kilómetros"
      |          ^~~~~~~~~~~~~~~~~~~~~~~~~~
..\src\Tp1.c:35:43: note: format string is defined here
   35 |      "\nb) Tarjeta de crédito (interés 25%)"
      |                                           ^
..\src\Tp1.c:53:12: warning: implicit declaration of function 'PedirEntero' [-Wimplicit-function-declaration]
   53 |   opcion = PedirEntero("\nIngrese una opcion:", "\nOpcion ingresada erronea!", REINTENTOS, &operacionValida);
      |            ^~~~~~~~~~~
..\src\Tp1.c:58:15: warning: implicit declaration of function 'PedirNumero' [-Wimplicit-function-declaration]
   58 |     numeroA = PedirNumero("\nIngrese el primer numero: ", "Error.", REINTENTOS);
      |               ^~~~~~~~~~~
..\src\Tp1.c:87:22: warning: implicit declaration of function 'SumarNumeros' [-Wimplicit-function-declaration]
   87 |      resultadoSuma = SumarNumeros(numeroA, numeroB);
      |                      ^~~~~~~~~~~~
..\src\Tp1.c:88:23: warning: implicit declaration of function 'RestarNumeros' [-Wimplicit-function-declaration]
   88 |      resultadoResta = RestarNumeros(numeroA, numeroB);
      |                       ^~~~~~~~~~~~~
..\src\Tp1.c:89:24: warning: implicit declaration of function 'DivisionNumeros' [-Wimplicit-function-declaration]
   89 |      operacionValida = DivisionNumeros(numeroA, numeroB, &resultadoDivision);
      |                        ^~~~~~~~~~~~~~~
..\src\Tp1.c:90:32: warning: implicit declaration of function 'MultiplicarNumeros' [-Wimplicit-function-declaration]
   90 |      resultadoMultiplicacion = MultiplicarNumeros(numeroA, numeroB);
      |                                ^~~~~~~~~~~~~~~~~~
..\src\Tp1.c:91:27: warning: implicit declaration of function 'FactorialDeUnNumeroFloat' [-Wimplicit-function-declaration]
   91 |      resultadoFatorialA = FactorialDeUnNumeroFloat(numeroA);
      |                           ^~~~~~~~~~~~~~~~~~~~~~~~
gcc -o Tp1.exe "src\\Tp1.o" 
c:/mingw/bin/../lib/gcc/mingw32/9.2.0/../../../../mingw32/bin/ld.exe: src\Tp1.o: in function `main':
C:\Users\natha\OneDrive\Escritorio\Tps_Laboratorio_1\Tp_1\Tp1\Debug/../src/Tp1.c:53: undefined reference to `PedirEntero'
c:/mingw/bin/../lib/gcc/mingw32/9.2.0/../../../../mingw32/bin/ld.exe: C:\Users\natha\OneDrive\Escritorio\Tps_Laboratorio_1\Tp_1\Tp1\Debug/../src/Tp1.c:58: undefined reference to `PedirNumero'
c:/mingw/bin/../lib/gcc/mingw32/9.2.0/../../../../mingw32/bin/ld.exe: C:\Users\natha\OneDrive\Escritorio\Tps_Laboratorio_1\Tp_1\Tp1\Debug/../src/Tp1.c:72: undefined reference to `PedirNumero'
c:/mingw/bin/../lib/gcc/mingw32/9.2.0/../../../../mingw32/bin/ld.exe: C:\Users\natha\OneDrive\Escritorio\Tps_Laboratorio_1\Tp_1\Tp1\Debug/../src/Tp1.c:87: undefined reference to `SumarNumeros'
c:/mingw/bin/../lib/gcc/mingw32/9.2.0/../../../../mingw32/bin/ld.exe: C:\Users\natha\OneDrive\Escritorio\Tps_Laboratorio_1\Tp_1\Tp1\Debug/../src/Tp1.c:88: undefined reference to `RestarNumeros'
c:/mingw/bin/../lib/gcc/mingw32/9.2.0/../../../../mingw32/bin/ld.exe: C:\Users\natha\OneDrive\Escritorio\Tps_Laboratorio_1\Tp_1\Tp1\Debug/../src/Tp1.c:89: undefined reference to `DivisionNumeros'
c:/mingw/bin/../lib/gcc/mingw32/9.2.0/../../../../mingw32/bin/ld.exe: C:\Users\natha\OneDrive\Escritorio\Tps_Laboratorio_1\Tp_1\Tp1\Debug/../src/Tp1.c:90: undefined reference to `MultiplicarNumeros'
c:/mingw/bin/../lib/gcc/mingw32/9.2.0/../../../../mingw32/bin/ld.exe: C:\Users\natha\OneDrive\Escritorio\Tps_Laboratorio_1\Tp_1\Tp1\Debug/../src/Tp1.c:91: undefined reference to `FactorialDeUnNumeroFloat'
c:/mingw/bin/../lib/gcc/mingw32/9.2.0/../../../../mingw32/bin/ld.exe: C:\Users\natha\OneDrive\Escritorio\Tps_Laboratorio_1\Tp_1\Tp1\Debug/../src/Tp1.c:92: undefined reference to `FactorialDeUnNumeroFloat'
collect2.exe: error: ld returned 1 exit status
20:32:10 **** Incremental Build of configuration Debug for project Tp1 ****
Info: Internal Builder is used for build
gcc -O0 -g3 -Wall -c -fmessage-length=0 -o "src\\Tp1.o" "..\\src\\Tp1.c" 
..\src\Tp1.c: In function 'main':
..\src\Tp1.c:31:10: warning: unknown conversion type character ')' in format [-Wformat=]
   31 |   printf("\n1. Ingresar Kilómetros"
      |          ^~~~~~~~~~~~~~~~~~~~~~~~~~
..\src\Tp1.c:34:44: note: format string is defined here
   34 |      "\na) Tarjeta de débito (descuento 10%)"
      |                                            ^
..\src\Tp1.c:31:10: warning: unknown conversion type character ')' in format [-Wformat=]
   31 |   printf("\n1. Ingresar Kilómetros"
      |          ^~~~~~~~~~~~~~~~~~~~~~~~~~
..\src\Tp1.c:35:43: note: format string is defined here
   35 |      "\nb) Tarjeta de crédito (interés 25%)"
      |                                           ^
..\src\Tp1.c:20:6: warning: variable 'flagOpcion3' set but not used [-Wunused-but-set-variable]
   20 |  int flagOpcion3;
      |      ^~~~~~~~~~~
..\src\Tp1.c:19:6: warning: variable 'flagNumeroB' set but not used [-Wunused-but-set-variable]
   19 |  int flagNumeroB;
      |      ^~~~~~~~~~~
..\src\Tp1.c:18:6: warning: variable 'flagNumeroA' set but not used [-Wunused-but-set-variable]
   18 |  int flagNumeroA;
      |      ^~~~~~~~~~~
..\src\Tp1.c:17:6: warning: unused variable 'resultadoFatorialB' [-Wunused-variable]
   17 |  int resultadoFatorialB;
      |      ^~~~~~~~~~~~~~~~~~
..\src\Tp1.c:16:6: warning: unused variable 'resultadoFatorialA' [-Wunused-variable]
   16 |  int resultadoFatorialA;
      |      ^~~~~~~~~~~~~~~~~~
..\src\Tp1.c:15:8: warning: unused variable 'resultadoDivision' [-Wunused-variable]
   15 |  float resultadoDivision;
      |        ^~~~~~~~~~~~~~~~~
..\src\Tp1.c:14:8: warning: unused variable 'resultadoMultiplicacion' [-Wunused-variable]
   14 |  float resultadoMultiplicacion;
      |        ^~~~~~~~~~~~~~~~~~~~~~~
..\src\Tp1.c:13:8: warning: unused variable 'resultadoResta' [-Wunused-variable]
   13 |  float resultadoResta;
      |        ^~~~~~~~~~~~~~
..\src\Tp1.c:12:8: warning: unused variable 'resultadoSuma' [-Wunused-variable]
   12 |  float resultadoSuma;
      |        ^~~~~~~~~~~~~
..\src\Tp1.c:11:6: warning: unused variable 'operacionValida' [-Wunused-variable]
   11 |  int operacionValida;
      |      ^~~~~~~~~~~~~~~
..\src\Tp1.c:9:8: warning: unused variable 'numeroB' [-Wunused-variable]
    9 |  float numeroB;
      |        ^~~~~~~
..\src\Tp1.c:8:8: warning: unused variable 'numeroA' [-Wunused-variable]
    8 |  float numeroA;
      |        ^~~~~~~
..\src\Tp1.c:136:2: warning: 'opcion' is used uninitialized in this function [-Wuninitialized]
  136 |  } while (opcion != 5);
      |  ^
gcc -o Tp1.exe "src\\Tp1.o" 
20:32:30 **** Incremental Build of configuration Debug for project Tp1 ****
Info: Internal Builder is used for build
gcc -O0 -g3 -Wall -c -fmessage-length=0 -o "src\\Tp1.o" "..\\src\\Tp1.c" 
..\src\Tp1.c: In function 'main':
..\src\Tp1.c:20:6: warning: variable 'flagOpcion3' set but not used [-Wunused-but-set-variable]
   20 |  int flagOpcion3;
      |      ^~~~~~~~~~~
..\src\Tp1.c:19:6: warning: variable 'flagNumeroB' set but not used [-Wunused-but-set-variable]
   19 |  int flagNumeroB;
      |      ^~~~~~~~~~~
..\src\Tp1.c:18:6: warning: variable 'flagNumeroA' set but not used [-Wunused-but-set-variable]
   18 |  int flagNumeroA;
      |      ^~~~~~~~~~~
..\src\Tp1.c:17:6: warning: unused variable 'resultadoFatorialB' [-Wunused-variable]
   17 |  int resultadoFatorialB;
      |      ^~~~~~~~~~~~~~~~~~
..\src\Tp1.c:16:6: warning: unused variable 'resultadoFatorialA' [-Wunused-variable]
   16 |  int resultadoFatorialA;
      |      ^~~~~~~~~~~~~~~~~~
..\src\Tp1.c:15:8: warning: unused variable 'resultadoDivision' [-Wunused-variable]
   15 |  float resultadoDivision;
      |        ^~~~~~~~~~~~~~~~~
..\src\Tp1.c:14:8: warning: unused variable 'resultadoMultiplicacion' [-Wunused-variable]
   14 |  float resultadoMultiplicacion;
      |        ^~~~~~~~~~~~~~~~~~~~~~~
..\src\Tp1.c:13:8: warning: unused variable 'resultadoResta' [-Wunused-variable]
   13 |  float resultadoResta;
      |        ^~~~~~~~~~~~~~
..\src\Tp1.c:12:8: warning: unused variable 'resultadoSuma' [-Wunused-variable]
   12 |  float resultadoSuma;
      |        ^~~~~~~~~~~~~
..\src\Tp1.c:11:6: warning: unused variable 'operacionValida' [-Wunused-variable]
   11 |  int operacionValida;
      |      ^~~~~~~~~~~~~~~
..\src\Tp1.c:9:8: warning: unused variable 'numeroB' [-Wunused-variable]
    9 |  float numeroB;
      |        ^~~~~~~
..\src\Tp1.c:8:8: warning: unused variable 'numeroA' [-Wunused-variable]
    8 |  float numeroA;
      |        ^~~~~~~
..\src\Tp1.c:136:2: warning: 'opcion' is used uninitialized in this function [-Wuninitialized]
  136 |  } while (opcion != 5);
      |  ^
gcc -o Tp1.exe "src\\Tp1.o" 
Info: Nothing to build for Tp1
20:35:14 **** Incremental Build of configuration Debug for project Tp1 ****
Info: Internal Builder is used for build
gcc -O0 -g3 -Wall -c -fmessage-length=0 -o "src\\Tp1.o" "..\\src\\Tp1.c" 
..\src\Tp1.c: In function 'main':
..\src\Tp1.c:20:6: warning: variable 'flagOpcion3' set but not used [-Wunused-but-set-variable]
   20 |  int flagOpcion3;
      |      ^~~~~~~~~~~
..\src\Tp1.c:19:6: warning: variable 'flagNumeroB' set but not used [-Wunused-but-set-variable]
   19 |  int flagNumeroB;
      |      ^~~~~~~~~~~
..\src\Tp1.c:18:6: warning: variable 'flagNumeroA' set but not used [-Wunused-but-set-variable]
   18 |  int flagNumeroA;
      |      ^~~~~~~~~~~
..\src\Tp1.c:17:6: warning: unused variable 'resultadoFatorialB' [-Wunused-variable]
   17 |  int resultadoFatorialB;
      |      ^~~~~~~~~~~~~~~~~~
..\src\Tp1.c:16:6: warning: unused variable 'resultadoFatorialA' [-Wunused-variable]
   16 |  int resultadoFatorialA;
      |      ^~~~~~~~~~~~~~~~~~
..\src\Tp1.c:15:8: warning: unused variable 'resultadoDivision' [-Wunused-variable]
   15 |  float resultadoDivision;
      |        ^~~~~~~~~~~~~~~~~
..\src\Tp1.c:14:8: warning: unused variable 'resultadoMultiplicacion' [-Wunused-variable]
   14 |  float resultadoMultiplicacion;
      |        ^~~~~~~~~~~~~~~~~~~~~~~
..\src\Tp1.c:13:8: warning: unused variable 'resultadoResta' [-Wunused-variable]
   13 |  float resultadoResta;
      |        ^~~~~~~~~~~~~~
..\src\Tp1.c:12:8: warning: unused variable 'resultadoSuma' [-Wunused-variable]
   12 |  float resultadoSuma;
      |        ^~~~~~~~~~~~~
..\src\Tp1.c:11:6: warning: unused variable 'operacionValida' [-Wunused-variable]
   11 |  int operacionValida;
      |      ^~~~~~~~~~~~~~~
..\src\Tp1.c:9:8: warning: unused variable 'numeroB' [-Wunused-variable]
    9 |  float numeroB;
      |        ^~~~~~~
..\src\Tp1.c:8:8: warning: unused variable 'numeroA' [-Wunused-variable]
    8 |  float numeroA;
      |        ^~~~~~~
..\src\Tp1.c:136:2: warning: 'opcion' is used uninitialized in this function [-Wuninitialized]
  136 |  } while (opcion != 5);
      |  ^
gcc -o Tp1.exe "src\\Tp1.o" 
20:35:51 **** Incremental Build of configuration Debug for project Tp1 ****
Info: Internal Builder is used for build
gcc -O0 -g3 -Wall -c -fmessage-length=0 -o "src\\Tp1.o" "..\\src\\Tp1.c" 
..\src\Tp1.c: In function 'main':
..\src\Tp1.c:20:6: warning: variable 'flagOpcion3' set but not used [-Wunused-but-set-variable]
   20 |  int flagOpcion3;
      |      ^~~~~~~~~~~
..\src\Tp1.c:19:6: warning: variable 'flagNumeroB' set but not used [-Wunused-but-set-variable]
   19 |  int flagNumeroB;
      |      ^~~~~~~~~~~
..\src\Tp1.c:18:6: warning: variable 'flagNumeroA' set but not used [-Wunused-but-set-variable]
   18 |  int flagNumeroA;
      |      ^~~~~~~~~~~
..\src\Tp1.c:17:6: warning: unused variable 'resultadoFatorialB' [-Wunused-variable]
   17 |  int resultadoFatorialB;
      |      ^~~~~~~~~~~~~~~~~~
..\src\Tp1.c:16:6: warning: unused variable 'resultadoFatorialA' [-Wunused-variable]
   16 |  int resultadoFatorialA;
      |      ^~~~~~~~~~~~~~~~~~
..\src\Tp1.c:15:8: warning: unused variable 'resultadoDivision' [-Wunused-variable]
   15 |  float resultadoDivision;
      |        ^~~~~~~~~~~~~~~~~
..\src\Tp1.c:14:8: warning: unused variable 'resultadoMultiplicacion' [-Wunused-variable]
   14 |  float resultadoMultiplicacion;
      |        ^~~~~~~~~~~~~~~~~~~~~~~
..\src\Tp1.c:13:8: warning: unused variable 'resultadoResta' [-Wunused-variable]
   13 |  float resultadoResta;
      |        ^~~~~~~~~~~~~~
..\src\Tp1.c:12:8: warning: unused variable 'resultadoSuma' [-Wunused-variable]
   12 |  float resultadoSuma;
      |        ^~~~~~~~~~~~~
..\src\Tp1.c:11:6: warning: unused variable 'operacionValida' [-Wunused-variable]
   11 |  int operacionValida;
      |      ^~~~~~~~~~~~~~~
..\src\Tp1.c:9:8: warning: unused variable 'numeroB' [-Wunused-variable]
    9 |  float numeroB;
      |        ^~~~~~~
..\src\Tp1.c:8:8: warning: unused variable 'numeroA' [-Wunused-variable]
    8 |  float numeroA;
      |        ^~~~~~~
..\src\Tp1.c:136:2: warning: 'opcion' is used uninitialized in this function [-Wuninitialized]
  136 |  } while (opcion != 5);
      |  ^
gcc -o Tp1.exe "src\\Tp1.o" 
22:27:09 **** Incremental Build of configuration Debug for project Tp1 ****
Info: Internal Builder is used for build
gcc -O0 -g3 -Wall -c -fmessage-length=0 -o "src\\Tp1.o" "..\\src\\Tp1.c" 
..\src\Tp1.c: In function 'main':
..\src\Tp1.c:53:12: warning: implicit declaration of function 'pedirentero'; did you mean 'PedirEntero'? [-Wimplicit-function-declaration]
   53 |   opcion = pedirentero("\ningrese una opcion:", "\nopcion ingresada erronea!", REINTENTOS, &operacionValida);
      |            ^~~~~~~~~~~
      |            PedirEntero
..\src\Tp1.c:20:6: warning: variable 'flagOpcion3' set but not used [-Wunused-but-set-variable]
   20 |  int flagOpcion3;
      |      ^~~~~~~~~~~
..\src\Tp1.c:19:6: warning: variable 'flagNumeroB' set but not used [-Wunused-but-set-variable]
   19 |  int flagNumeroB;
      |      ^~~~~~~~~~~
..\src\Tp1.c:18:6: warning: variable 'flagNumeroA' set but not used [-Wunused-but-set-variable]
   18 |  int flagNumeroA;
      |      ^~~~~~~~~~~
..\src\Tp1.c:17:6: warning: unused variable 'resultadoFatorialB' [-Wunused-variable]
   17 |  int resultadoFatorialB;
      |      ^~~~~~~~~~~~~~~~~~
..\src\Tp1.c:16:6: warning: unused variable 'resultadoFatorialA' [-Wunused-variable]
   16 |  int resultadoFatorialA;
      |      ^~~~~~~~~~~~~~~~~~
..\src\Tp1.c:15:8: warning: unused variable 'resultadoDivision' [-Wunused-variable]
   15 |  float resultadoDivision;
      |        ^~~~~~~~~~~~~~~~~
..\src\Tp1.c:14:8: warning: unused variable 'resultadoMultiplicacion' [-Wunused-variable]
   14 |  float resultadoMultiplicacion;
      |        ^~~~~~~~~~~~~~~~~~~~~~~
..\src\Tp1.c:13:8: warning: unused variable 'resultadoResta' [-Wunused-variable]
   13 |  float resultadoResta;
      |        ^~~~~~~~~~~~~~
..\src\Tp1.c:12:8: warning: unused variable 'resultadoSuma' [-Wunused-variable]
   12 |  float resultadoSuma;
      |        ^~~~~~~~~~~~~
..\src\Tp1.c:9:8: warning: unused variable 'numeroB' [-Wunused-variable]
    9 |  float numeroB;
      |        ^~~~~~~
..\src\Tp1.c:8:8: warning: unused variable 'numeroA' [-Wunused-variable]
    8 |  float numeroA;
      |        ^~~~~~~
gcc -O0 -g3 -Wall -c -fmessage-length=0 -o "src\\UTNBiblioteca_Input.o" "..\\src\\UTNBiblioteca_Input.c" 
..\src\UTNBiblioteca_Input.c: In function 'PedirEntero':
..\src\UTNBiblioteca_Input.c:10:16: warning: implicit declaration of function 'ValidarIngresoEntero' [-Wimplicit-function-declaration]
   10 |   validacion = ValidarIngresoEntero(&numeroIngresado);
      |                ^~~~~~~~~~~~~~~~~~~~
..\src\UTNBiblioteca_Input.c: In function 'PedirNumero':
..\src\UTNBiblioteca_Input.c:32:7: warning: implicit declaration of function 'ValidarIngresoFlotante' [-Wimplicit-function-declaration]
   32 |   if (ValidarIngresoFlotante(&numeroIngresado) != 1) {
      |       ^~~~~~~~~~~~~~~~~~~~~~
..\src\UTNBiblioteca_Input.c: In function 'PedirNumConRango':
..\src\UTNBiblioteca_Input.c:52:11: warning: implicit declaration of function 'ValidarRango' [-Wimplicit-function-declaration]
   52 |  } while (ValidarRango(numeroIngresado, min, max) == 0);
      |           ^~~~~~~~~~~~
gcc -o Tp1.exe "src\\Tp1.o" "src\\UTNBiblioteca_Input.o" 
c:/mingw/bin/../lib/gcc/mingw32/9.2.0/../../../../mingw32/bin/ld.exe: src\Tp1.o: in function `main':
C:\Users\natha\OneDrive\Escritorio\Tps_Laboratorio_1\Tp_1\Tp1\Debug/../src/Tp1.c:53: undefined reference to `pedirentero'
c:/mingw/bin/../lib/gcc/mingw32/9.2.0/../../../../mingw32/bin/ld.exe: src\UTNBiblioteca_Input.o: in function `PedirEntero':
C:\Users\natha\OneDrive\Escritorio\Tps_Laboratorio_1\Tp_1\Tp1\Debug/../src/UTNBiblioteca_Input.c:10: undefined reference to `ValidarIngresoEntero'
c:/mingw/bin/../lib/gcc/mingw32/9.2.0/../../../../mingw32/bin/ld.exe: src\UTNBiblioteca_Input.o: in function `PedirNumero':
C:\Users\natha\OneDrive\Escritorio\Tps_Laboratorio_1\Tp_1\Tp1\Debug/../src/UTNBiblioteca_Input.c:32: undefined reference to `ValidarIngresoFlotante'
c:/mingw/bin/../lib/gcc/mingw32/9.2.0/../../../../mingw32/bin/ld.exe: src\UTNBiblioteca_Input.o: in function `PedirNumConRango':
C:\Users\natha\OneDrive\Escritorio\Tps_Laboratorio_1\Tp_1\Tp1\Debug/../src/UTNBiblioteca_Input.c:52: undefined reference to `ValidarRango'
collect2.exe: error: ld returned 1 exit status
22:28:28 **** Incremental Build of configuration Debug for project Tp1 ****
Info: Internal Builder is used for build
gcc -O0 -g3 -Wall -c -fmessage-length=0 -o "src\\Tp1.o" "..\\src\\Tp1.c" 
..\src\Tp1.c: In function 'main':
..\src\Tp1.c:21:6: warning: variable 'flagOpcion3' set but not used [-Wunused-but-set-variable]
   21 |  int flagOpcion3;
      |      ^~~~~~~~~~~
..\src\Tp1.c:20:6: warning: variable 'flagNumeroB' set but not used [-Wunused-but-set-variable]
   20 |  int flagNumeroB;
      |      ^~~~~~~~~~~
..\src\Tp1.c:19:6: warning: variable 'flagNumeroA' set but not used [-Wunused-but-set-variable]
   19 |  int flagNumeroA;
      |      ^~~~~~~~~~~
..\src\Tp1.c:18:6: warning: unused variable 'resultadoFatorialB' [-Wunused-variable]
   18 |  int resultadoFatorialB;
      |      ^~~~~~~~~~~~~~~~~~
..\src\Tp1.c:17:6: warning: unused variable 'resultadoFatorialA' [-Wunused-variable]
   17 |  int resultadoFatorialA;
      |      ^~~~~~~~~~~~~~~~~~
..\src\Tp1.c:16:8: warning: unused variable 'resultadoDivision' [-Wunused-variable]
   16 |  float resultadoDivision;
      |        ^~~~~~~~~~~~~~~~~
..\src\Tp1.c:15:8: warning: unused variable 'resultadoMultiplicacion' [-Wunused-variable]
   15 |  float resultadoMultiplicacion;
      |        ^~~~~~~~~~~~~~~~~~~~~~~
..\src\Tp1.c:14:8: warning: unused variable 'resultadoResta' [-Wunused-variable]
   14 |  float resultadoResta;
      |        ^~~~~~~~~~~~~~
..\src\Tp1.c:13:8: warning: unused variable 'resultadoSuma' [-Wunused-variable]
   13 |  float resultadoSuma;
      |        ^~~~~~~~~~~~~
..\src\Tp1.c:10:8: warning: unused variable 'numeroB' [-Wunused-variable]
   10 |  float numeroB;
      |        ^~~~~~~
..\src\Tp1.c:9:8: warning: unused variable 'numeroA' [-Wunused-variable]
    9 |  float numeroA;
      |        ^~~~~~~
gcc -o Tp1.exe "src\\Tp1.o" "src\\UTNBiblioteca_Input.o" 
c:/mingw/bin/../lib/gcc/mingw32/9.2.0/../../../../mingw32/bin/ld.exe: src\UTNBiblioteca_Input.o: in function `PedirEntero':
C:\Users\natha\OneDrive\Escritorio\Tps_Laboratorio_1\Tp_1\Tp1\Debug/../src/UTNBiblioteca_Input.c:10: undefined reference to `ValidarIngresoEntero'
c:/mingw/bin/../lib/gcc/mingw32/9.2.0/../../../../mingw32/bin/ld.exe: src\UTNBiblioteca_Input.o: in function `PedirNumero':
C:\Users\natha\OneDrive\Escritorio\Tps_Laboratorio_1\Tp_1\Tp1\Debug/../src/UTNBiblioteca_Input.c:32: undefined reference to `ValidarIngresoFlotante'
c:/mingw/bin/../lib/gcc/mingw32/9.2.0/../../../../mingw32/bin/ld.exe: src\UTNBiblioteca_Input.o: in function `PedirNumConRango':
C:\Users\natha\OneDrive\Escritorio\Tps_Laboratorio_1\Tp_1\Tp1\Debug/../src/UTNBiblioteca_Input.c:52: undefined reference to `ValidarRango'
collect2.exe: error: ld returned 1 exit status
22:29:09 **** Incremental Build of configuration Debug for project Tp1 ****
Info: Internal Builder is used for build
gcc -O0 -g3 -Wall -c -fmessage-length=0 -o "src\\Tp1.o" "..\\src\\Tp1.c" 
..\src\Tp1.c: In function 'main':
..\src\Tp1.c:7:2: warning: implicit declaration of function 'setbuf' [-Wimplicit-function-declaration]
    7 |  setbuf(stdout, NULL);
      |  ^~~~~~
..\src\Tp1.c:7:9: error: 'stdout' undeclared (first use in this function)
    7 |  setbuf(stdout, NULL);
      |         ^~~~~~
..\src\Tp1.c:3:1: note: 'stdout' is defined in header '<stdio.h>'; did you forget to '#include <stdio.h>'?
    2 | #include <stdlib.h>
  +++ |+#include <stdio.h>
    3 | 
..\src\Tp1.c:7:9: note: each undeclared identifier is reported only once for each function it appears in
    7 |  setbuf(stdout, NULL);
      |         ^~~~~~
..\src\Tp1.c:28:2: warning: implicit declaration of function 'printf' [-Wimplicit-function-declaration]
   28 |  printf("¡Bienvenido a la agencia UTN!\n");
      |  ^~~~~~
..\src\Tp1.c:28:2: warning: incompatible implicit declaration of built-in function 'printf'
..\src\Tp1.c:28:2: note: include '<stdio.h>' or provide a declaration of 'printf'
..\src\Tp1.c:31:3: warning: implicit declaration of function 'puts' [-Wimplicit-function-declaration]
   31 |   puts("\n1. Ingresar Kilómetros"
      |   ^~~~
..\src\Tp1.c:20:6: warning: variable 'flagOpcion3' set but not used [-Wunused-but-set-variable]
   20 |  int flagOpcion3;
      |      ^~~~~~~~~~~
..\src\Tp1.c:19:6: warning: variable 'flagNumeroB' set but not used [-Wunused-but-set-variable]
   19 |  int flagNumeroB;
      |      ^~~~~~~~~~~
..\src\Tp1.c:18:6: warning: variable 'flagNumeroA' set but not used [-Wunused-but-set-variable]
   18 |  int flagNumeroA;
      |      ^~~~~~~~~~~
..\src\Tp1.c:17:6: warning: unused variable 'resultadoFatorialB' [-Wunused-variable]
   17 |  int resultadoFatorialB;
      |      ^~~~~~~~~~~~~~~~~~
..\src\Tp1.c:16:6: warning: unused variable 'resultadoFatorialA' [-Wunused-variable]
   16 |  int resultadoFatorialA;
      |      ^~~~~~~~~~~~~~~~~~
..\src\Tp1.c:15:8: warning: unused variable 'resultadoDivision' [-Wunused-variable]
   15 |  float resultadoDivision;
      |        ^~~~~~~~~~~~~~~~~
..\src\Tp1.c:14:8: warning: unused variable 'resultadoMultiplicacion' [-Wunused-variable]
   14 |  float resultadoMultiplicacion;
      |        ^~~~~~~~~~~~~~~~~~~~~~~
..\src\Tp1.c:13:8: warning: unused variable 'resultadoResta' [-Wunused-variable]
   13 |  float resultadoResta;
      |        ^~~~~~~~~~~~~~
..\src\Tp1.c:12:8: warning: unused variable 'resultadoSuma' [-Wunused-variable]
   12 |  float resultadoSuma;
      |        ^~~~~~~~~~~~~
..\src\Tp1.c:9:8: warning: unused variable 'numeroB' [-Wunused-variable]
    9 |  float numeroB;
      |        ^~~~~~~
..\src\Tp1.c:8:8: warning: unused variable 'numeroA' [-Wunused-variable]
    8 |  float numeroA;
      |        ^~~~~~~
22:29:20 **** Incremental Build of configuration Debug for project Tp1 ****
Info: Internal Builder is used for build
gcc -O0 -g3 -Wall -c -fmessage-length=0 -o "src\\Tp1.o" "..\\src\\Tp1.c" 
..\src\Tp1.c: In function 'main':
..\src\Tp1.c:22:6: warning: variable 'flagOpcion3' set but not used [-Wunused-but-set-variable]
   22 |  int flagOpcion3;
      |      ^~~~~~~~~~~
..\src\Tp1.c:21:6: warning: variable 'flagNumeroB' set but not used [-Wunused-but-set-variable]
   21 |  int flagNumeroB;
      |      ^~~~~~~~~~~
..\src\Tp1.c:20:6: warning: variable 'flagNumeroA' set but not used [-Wunused-but-set-variable]
   20 |  int flagNumeroA;
      |      ^~~~~~~~~~~
..\src\Tp1.c:19:6: warning: unused variable 'resultadoFatorialB' [-Wunused-variable]
   19 |  int resultadoFatorialB;
      |      ^~~~~~~~~~~~~~~~~~
..\src\Tp1.c:18:6: warning: unused variable 'resultadoFatorialA' [-Wunused-variable]
   18 |  int resultadoFatorialA;
      |      ^~~~~~~~~~~~~~~~~~
..\src\Tp1.c:17:8: warning: unused variable 'resultadoDivision' [-Wunused-variable]
   17 |  float resultadoDivision;
      |        ^~~~~~~~~~~~~~~~~
..\src\Tp1.c:16:8: warning: unused variable 'resultadoMultiplicacion' [-Wunused-variable]
   16 |  float resultadoMultiplicacion;
      |        ^~~~~~~~~~~~~~~~~~~~~~~
..\src\Tp1.c:15:8: warning: unused variable 'resultadoResta' [-Wunused-variable]
   15 |  float resultadoResta;
      |        ^~~~~~~~~~~~~~
..\src\Tp1.c:14:8: warning: unused variable 'resultadoSuma' [-Wunused-variable]
   14 |  float resultadoSuma;
      |        ^~~~~~~~~~~~~
..\src\Tp1.c:11:8: warning: unused variable 'numeroB' [-Wunused-variable]
   11 |  float numeroB;
      |        ^~~~~~~
..\src\Tp1.c:10:8: warning: unused variable 'numeroA' [-Wunused-variable]
   10 |  float numeroA;
      |        ^~~~~~~
gcc -O0 -g3 -Wall -c -fmessage-length=0 -o "src\\UTNBiblioteca_Input.o" "..\\src\\UTNBiblioteca_Input.c" 
..\src\UTNBiblioteca_Input.c: In function 'PedirEntero':
..\src\UTNBiblioteca_Input.c:11:16: warning: implicit declaration of function 'ValidarIngresoEntero' [-Wimplicit-function-declaration]
   11 |   validacion = ValidarIngresoEntero(&numeroIngresado);
      |                ^~~~~~~~~~~~~~~~~~~~
..\src\UTNBiblioteca_Input.c: In function 'PedirNumero':
..\src\UTNBiblioteca_Input.c:33:7: warning: implicit declaration of function 'ValidarIngresoFlotante' [-Wimplicit-function-declaration]
   33 |   if (ValidarIngresoFlotante(&numeroIngresado) != 1) {
      |       ^~~~~~~~~~~~~~~~~~~~~~
..\src\UTNBiblioteca_Input.c: In function 'PedirNumConRango':
..\src\UTNBiblioteca_Input.c:53:11: warning: implicit declaration of function 'ValidarRango' [-Wimplicit-function-declaration]
   53 |  } while (ValidarRango(numeroIngresado, min, max) == 0);
      |           ^~~~~~~~~~~~
gcc -o Tp1.exe "src\\Tp1.o" "src\\UTNBiblioteca_Input.o" 
c:/mingw/bin/../lib/gcc/mingw32/9.2.0/../../../../mingw32/bin/ld.exe: src\UTNBiblioteca_Input.o: in function `PedirEntero':
C:\Users\natha\OneDrive\Escritorio\Tps_Laboratorio_1\Tp_1\Tp1\Debug/../src/UTNBiblioteca_Input.c:11: undefined reference to `ValidarIngresoEntero'
c:/mingw/bin/../lib/gcc/mingw32/9.2.0/../../../../mingw32/bin/ld.exe: src\UTNBiblioteca_Input.o: in function `PedirNumero':
C:\Users\natha\OneDrive\Escritorio\Tps_Laboratorio_1\Tp_1\Tp1\Debug/../src/UTNBiblioteca_Input.c:33: undefined reference to `ValidarIngresoFlotante'
c:/mingw/bin/../lib/gcc/mingw32/9.2.0/../../../../mingw32/bin/ld.exe: src\UTNBiblioteca_Input.o: in function `PedirNumConRango':
C:\Users\natha\OneDrive\Escritorio\Tps_Laboratorio_1\Tp_1\Tp1\Debug/../src/UTNBiblioteca_Input.c:53: undefined reference to `ValidarRango'
collect2.exe: error: ld returned 1 exit status
22:31:09 **** Incremental Build of configuration Debug for project Tp1 ****
Info: Internal Builder is used for build
gcc -O0 -g3 -Wall -c -fmessage-length=0 -o "src\\UTNBiblioteca_Validar.o" "..\\src\\UTNBiblioteca_Validar.c" 
..\src\UTNBiblioteca_Validar.c: In function 'ConfirmarContinuar':
..\src\UTNBiblioteca_Validar.c:76:15: warning: implicit declaration of function 'toupper' [-Wimplicit-function-declaration]
   76 |   respuesta = toupper(respuesta);
      |               ^~~~~~~
gcc -O0 -g3 -Wall -c -fmessage-length=0 -o "src\\UTNBiblioteca_Input.o" "..\\src\\UTNBiblioteca_Input.c" 
gcc -o Tp1.exe "src\\Tp1.o" "src\\UTNBiblioteca_Input.o" "src\\UTNBiblioteca_Validar.o" 
22:31:32 **** Incremental Build of configuration Debug for project Tp1 ****
Info: Internal Builder is used for build
gcc -O0 -g3 -Wall -c -fmessage-length=0 -o "src\\UTNBiblioteca_Validar.o" "..\\src\\UTNBiblioteca_Validar.c" 
..\src\UTNBiblioteca_Validar.c: In function 'ConfirmarContinuar':
..\src\UTNBiblioteca_Validar.c:77:15: warning: implicit declaration of function 'toupper' [-Wimplicit-function-declaration]
   77 |   respuesta = toupper(respuesta);
      |               ^~~~~~~
gcc -o Tp1.exe "src\\Tp1.o" "src\\UTNBiblioteca_Input.o" "src\\UTNBiblioteca_Validar.o" 
22:31:45 **** Incremental Build of configuration Debug for project Tp1 ****
Info: Internal Builder is used for build
gcc -O0 -g3 -Wall -c -fmessage-length=0 -o "src\\UTNBiblioteca_Validar.o" "..\\src\\UTNBiblioteca_Validar.c" 
..\src\UTNBiblioteca_Validar.c: In function 'ConfirmarContinuar':
..\src\UTNBiblioteca_Validar.c:77:15: warning: implicit declaration of function 'toupper' [-Wimplicit-function-declaration]
   77 |   respuesta = toupper(respuesta);
      |               ^~~~~~~
gcc -o Tp1.exe "src\\Tp1.o" "src\\UTNBiblioteca_Input.o" "src\\UTNBiblioteca_Validar.o" 
22:32:17 **** Incremental Build of configuration Debug for project Tp1 ****
Info: Internal Builder is used for build
gcc -O0 -g3 -Wall -c -fmessage-length=0 -o "src\\UTNBiblioteca_Validar.o" "..\\src\\UTNBiblioteca_Validar.c" 
..\src\UTNBiblioteca_Validar.c: In function 'ConfirmarContinuar':
..\src\UTNBiblioteca_Validar.c:77:15: warning: implicit declaration of function 'toupper' [-Wimplicit-function-declaration]
   77 |   respuesta = toupper(respuesta);
      |               ^~~~~~~
gcc -o Tp1.exe "src\\Tp1.o" "src\\UTNBiblioteca_Input.o" "src\\UTNBiblioteca_Validar.o" 
Info: Nothing to build for Tp1
22:33:00 **** Incremental Build of configuration Debug for project Tp1 ****
Info: Internal Builder is used for build
gcc -O0 -g3 -Wall -c -fmessage-length=0 -o "src\\Tp1.o" "..\\src\\Tp1.c" 
..\src\Tp1.c: In function 'main':
..\src\Tp1.c:22:6: warning: variable 'flagOpcion3' set but not used [-Wunused-but-set-variable]
   22 |  int flagOpcion3;
      |      ^~~~~~~~~~~
..\src\Tp1.c:21:6: warning: variable 'flagNumeroB' set but not used [-Wunused-but-set-variable]
   21 |  int flagNumeroB;
      |      ^~~~~~~~~~~
..\src\Tp1.c:20:6: warning: variable 'flagNumeroA' set but not used [-Wunused-but-set-variable]
   20 |  int flagNumeroA;
      |      ^~~~~~~~~~~
..\src\Tp1.c:19:6: warning: unused variable 'resultadoFatorialB' [-Wunused-variable]
   19 |  int resultadoFatorialB;
      |      ^~~~~~~~~~~~~~~~~~
..\src\Tp1.c:18:6: warning: unused variable 'resultadoFatorialA' [-Wunused-variable]
   18 |  int resultadoFatorialA;
      |      ^~~~~~~~~~~~~~~~~~
..\src\Tp1.c:17:8: warning: unused variable 'resultadoDivision' [-Wunused-variable]
   17 |  float resultadoDivision;
      |        ^~~~~~~~~~~~~~~~~
..\src\Tp1.c:16:8: warning: unused variable 'resultadoMultiplicacion' [-Wunused-variable]
   16 |  float resultadoMultiplicacion;
      |        ^~~~~~~~~~~~~~~~~~~~~~~
..\src\Tp1.c:15:8: warning: unused variable 'resultadoResta' [-Wunused-variable]
   15 |  float resultadoResta;
      |        ^~~~~~~~~~~~~~
..\src\Tp1.c:14:8: warning: unused variable 'resultadoSuma' [-Wunused-variable]
   14 |  float resultadoSuma;
      |        ^~~~~~~~~~~~~
..\src\Tp1.c:11:8: warning: unused variable 'numeroB' [-Wunused-variable]
   11 |  float numeroB;
      |        ^~~~~~~
..\src\Tp1.c:10:8: warning: unused variable 'numeroA' [-Wunused-variable]
   10 |  float numeroA;
      |        ^~~~~~~
gcc -o Tp1.exe "src\\Tp1.o" "src\\UTNBiblioteca_Input.o" "src\\UTNBiblioteca_Validar.o" 
Info: Nothing to build for Tp1
22:41:45 **** Incremental Build of configuration Debug for project Tp1 ****
Info: Internal Builder is used for build
gcc -O0 -g3 -Wall -c -fmessage-length=0 -o "src\\Tp1.o" "..\\src\\Tp1.c" 
..\src\Tp1.c: In function 'main':
..\src\Tp1.c:22:6: warning: variable 'flagOpcion3' set but not used [-Wunused-but-set-variable]
   22 |  int flagOpcion3;
      |      ^~~~~~~~~~~
..\src\Tp1.c:21:6: warning: variable 'flagNumeroB' set but not used [-Wunused-but-set-variable]
   21 |  int flagNumeroB;
      |      ^~~~~~~~~~~
..\src\Tp1.c:20:6: warning: variable 'flagNumeroA' set but not used [-Wunused-but-set-variable]
   20 |  int flagNumeroA;
      |      ^~~~~~~~~~~
..\src\Tp1.c:19:6: warning: unused variable 'resultadoFatorialB' [-Wunused-variable]
   19 |  int resultadoFatorialB;
      |      ^~~~~~~~~~~~~~~~~~
..\src\Tp1.c:18:6: warning: unused variable 'resultadoFatorialA' [-Wunused-variable]
   18 |  int resultadoFatorialA;
      |      ^~~~~~~~~~~~~~~~~~
..\src\Tp1.c:17:8: warning: unused variable 'resultadoDivision' [-Wunused-variable]
   17 |  float resultadoDivision;
      |        ^~~~~~~~~~~~~~~~~
..\src\Tp1.c:16:8: warning: unused variable 'resultadoMultiplicacion' [-Wunused-variable]
   16 |  float resultadoMultiplicacion;
      |        ^~~~~~~~~~~~~~~~~~~~~~~
..\src\Tp1.c:15:8: warning: unused variable 'resultadoResta' [-Wunused-variable]
   15 |  float resultadoResta;
      |        ^~~~~~~~~~~~~~
..\src\Tp1.c:14:8: warning: unused variable 'resultadoSuma' [-Wunused-variable]
   14 |  float resultadoSuma;
      |        ^~~~~~~~~~~~~
..\src\Tp1.c:11:8: warning: unused variable 'numeroB' [-Wunused-variable]
   11 |  float numeroB;
      |        ^~~~~~~
..\src\Tp1.c:10:8: warning: unused variable 'numeroA' [-Wunused-variable]
   10 |  float numeroA;
      |        ^~~~~~~
gcc -o Tp1.exe "src\\Tp1.o" "src\\UTNBiblioteca_Input.o" "src\\UTNBiblioteca_Validar.o" 
19:52:24 **** Rebuild of configuration Debug for project Tp1 ****
Info: Internal Builder is used for build
gcc -O0 -g3 -Wall -c -fmessage-length=0 -o "src\\UTNBiblioteca_Validar.o" "..\\src\\UTNBiblioteca_Validar.c" 
..\src\UTNBiblioteca_Validar.c: In function 'ConfirmarContinuar':
..\src\UTNBiblioteca_Validar.c:77:15: warning: implicit declaration of function 'toupper' [-Wimplicit-function-declaration]
   77 |   respuesta = toupper(respuesta);
      |               ^~~~~~~
gcc -O0 -g3 -Wall -c -fmessage-length=0 -o "src\\Tp1.o" "..\\src\\Tp1.c" 
..\src\Tp1.c: In function 'main':
..\src\Tp1.c:22:6: warning: variable 'flagOpcion3' set but not used [-Wunused-but-set-variable]
   22 |  int flagOpcion3;
      |      ^~~~~~~~~~~
..\src\Tp1.c:21:6: warning: variable 'flagNumeroB' set but not used [-Wunused-but-set-variable]
   21 |  int flagNumeroB;
      |      ^~~~~~~~~~~
..\src\Tp1.c:20:6: warning: variable 'flagNumeroA' set but not used [-Wunused-but-set-variable]
   20 |  int flagNumeroA;
      |      ^~~~~~~~~~~
..\src\Tp1.c:19:6: warning: unused variable 'resultadoFatorialB' [-Wunused-variable]
   19 |  int resultadoFatorialB;
      |      ^~~~~~~~~~~~~~~~~~
..\src\Tp1.c:18:6: warning: unused variable 'resultadoFatorialA' [-Wunused-variable]
   18 |  int resultadoFatorialA;
      |      ^~~~~~~~~~~~~~~~~~
..\src\Tp1.c:17:8: warning: unused variable 'resultadoDivision' [-Wunused-variable]
   17 |  float resultadoDivision;
      |        ^~~~~~~~~~~~~~~~~
..\src\Tp1.c:16:8: warning: unused variable 'resultadoMultiplicacion' [-Wunused-variable]
   16 |  float resultadoMultiplicacion;
      |        ^~~~~~~~~~~~~~~~~~~~~~~
..\src\Tp1.c:15:8: warning: unused variable 'resultadoResta' [-Wunused-variable]
   15 |  float resultadoResta;
      |        ^~~~~~~~~~~~~~
..\src\Tp1.c:14:8: warning: unused variable 'resultadoSuma' [-Wunused-variable]
   14 |  float resultadoSuma;
      |        ^~~~~~~~~~~~~
..\src\Tp1.c:11:8: warning: unused variable 'numeroB' [-Wunused-variable]
   11 |  float numeroB;
      |        ^~~~~~~
..\src\Tp1.c:10:8: warning: unused variable 'numeroA' [-Wunused-variable]
   10 |  float numeroA;
      |        ^~~~~~~
gcc -O0 -g3 -Wall -c -fmessage-length=0 -o "src\\UTNBiblioteca_Input.o" "..\\src\\UTNBiblioteca_Input.c" 
gcc -o Tp1.exe "src\\Tp1.o" "src\\UTNBiblioteca_Input.o" "src\\UTNBiblioteca_Validar.o" 
22:52:08 **** Incremental Build of configuration Debug for project Tp1 ****
Info: Internal Builder is used for build
gcc -O0 -g3 -Wall -c -fmessage-length=0 -o "src\\UTNBiblioteca_Validar.o" "..\\src\\UTNBiblioteca_Validar.c" 
..\src\UTNBiblioteca_Validar.c:29:5: error: conflicting types for 'ValidarRango'
   29 | int ValidarRango(float numero, int min, int max) {
      |     ^~~~~~~~~~~~
In file included from ..\src\UTNBiblioteca_Validar.c:1:
..\src\UTNBiblioteca_Validar.h:22:5: note: previous declaration of 'ValidarRango' was here
   22 | int ValidarRango(int numero, int min, int max);
      |     ^~~~~~~~~~~~
..\src\UTNBiblioteca_Validar.c: In function 'ConfirmarContinuar':
..\src\UTNBiblioteca_Validar.c:75:15: warning: implicit declaration of function 'toupper' [-Wimplicit-function-declaration]
   75 |   respuesta = toupper(respuesta);
      |               ^~~~~~~
22:52:54 **** Incremental Build of configuration Debug for project Tp1 ****
Info: Internal Builder is used for build
gcc -O0 -g3 -Wall -c -fmessage-length=0 -o "src\\UTNBiblioteca_Validar.o" "..\\src\\UTNBiblioteca_Validar.c" 
..\src\UTNBiblioteca_Validar.c: In function 'ConfirmarContinuar':
..\src\UTNBiblioteca_Validar.c:75:15: warning: implicit declaration of function 'toupper' [-Wimplicit-function-declaration]
   75 |   respuesta = toupper(respuesta);
      |               ^~~~~~~
gcc -O0 -g3 -Wall -c -fmessage-length=0 -o "src\\UTNBiblioteca_Input.o" "..\\src\\UTNBiblioteca_Input.c" 
gcc -O0 -g3 -Wall -c -fmessage-length=0 -o "src\\Tp1.o" "..\\src\\Tp1.c" 
..\src\Tp1.c: In function 'main':
..\src\Tp1.c:47:70: warning: passing argument 2 of 'PedirNumConRango' makes integer from pointer without a cast [-Wint-conversion]
   47 |     operacionValida = PedirNumConRango("\nIngrese los kilometros: ", "Error. Vuelva a intentarlo.", 10, 14000, &kilometrosIngresados);
      |                                                                      ^~~~~~~~~~~~~~~~~~~~~~~~~~~~~
      |                                                                      |
      |                                                                      char *
In file included from ..\src\Tp1.c:1:
..\src\UTNBiblioteca_Input.h:27:42: note: expected 'int' but argument is of type 'char *'
   27 | int PedirNumConRango(char mensaje[], int min, int max, float* numeroFloat);
      |                                      ~~~~^~~
..\src\Tp1.c:47:105: warning: passing argument 4 of 'PedirNumConRango' makes pointer from integer without a cast [-Wint-conversion]
   47 |     operacionValida = PedirNumConRango("\nIngrese los kilometros: ", "Error. Vuelva a intentarlo.", 10, 14000, &kilometrosIngresados);
      |                                                                                                         ^~~~~
      |                                                                                                         |
      |                                                                                                         int
In file included from ..\src\Tp1.c:1:
..\src\UTNBiblioteca_Input.h:27:63: note: expected 'float *' but argument is of type 'int'
   27 | int PedirNumConRango(char mensaje[], int min, int max, float* numeroFloat);
      |                                                        ~~~~~~~^~~~~~~~~~~
..\src\Tp1.c:47:23: error: too many arguments to function 'PedirNumConRango'
   47 |     operacionValida = PedirNumConRango("\nIngrese los kilometros: ", "Error. Vuelva a intentarlo.", 10, 14000, &kilometrosIngresados);
      |                       ^~~~~~~~~~~~~~~~
In file included from ..\src\Tp1.c:1:
..\src\UTNBiblioteca_Input.h:27:5: note: declared here
   27 | int PedirNumConRango(char mensaje[], int min, int max, float* numeroFloat);
      |     ^~~~~~~~~~~~~~~~
..\src\Tp1.c:23:6: warning: variable 'flagOpcion3' set but not used [-Wunused-but-set-variable]
   23 |  int flagOpcion3;
      |      ^~~~~~~~~~~
..\src\Tp1.c:19:6: warning: unused variable 'resultadoFatorialB' [-Wunused-variable]
   19 |  int resultadoFatorialB;
      |      ^~~~~~~~~~~~~~~~~~
..\src\Tp1.c:18:6: warning: unused variable 'resultadoFatorialA' [-Wunused-variable]
   18 |  int resultadoFatorialA;
      |      ^~~~~~~~~~~~~~~~~~
..\src\Tp1.c:17:8: warning: unused variable 'resultadoDivision' [-Wunused-variable]
   17 |  float resultadoDivision;
      |        ^~~~~~~~~~~~~~~~~
..\src\Tp1.c:16:8: warning: unused variable 'resultadoMultiplicacion' [-Wunused-variable]
   16 |  float resultadoMultiplicacion;
      |        ^~~~~~~~~~~~~~~~~~~~~~~
..\src\Tp1.c:15:8: warning: unused variable 'resultadoResta' [-Wunused-variable]
   15 |  float resultadoResta;
      |        ^~~~~~~~~~~~~~
..\src\Tp1.c:14:8: warning: unused variable 'resultadoSuma' [-Wunused-variable]
   14 |  float resultadoSuma;
      |        ^~~~~~~~~~~~~
22:53:19 **** Incremental Build of configuration Debug for project Tp1 ****
Info: Internal Builder is used for build
gcc -O0 -g3 -Wall -c -fmessage-length=0 -o "src\\Tp1.o" "..\\src\\Tp1.c" 
..\src\Tp1.c: In function 'main':
..\src\Tp1.c:23:6: warning: variable 'flagOpcion3' set but not used [-Wunused-but-set-variable]
   23 |  int flagOpcion3;
      |      ^~~~~~~~~~~
..\src\Tp1.c:19:6: warning: unused variable 'resultadoFatorialB' [-Wunused-variable]
   19 |  int resultadoFatorialB;
      |      ^~~~~~~~~~~~~~~~~~
..\src\Tp1.c:18:6: warning: unused variable 'resultadoFatorialA' [-Wunused-variable]
   18 |  int resultadoFatorialA;
      |      ^~~~~~~~~~~~~~~~~~
..\src\Tp1.c:17:8: warning: unused variable 'resultadoDivision' [-Wunused-variable]
   17 |  float resultadoDivision;
      |        ^~~~~~~~~~~~~~~~~
..\src\Tp1.c:16:8: warning: unused variable 'resultadoMultiplicacion' [-Wunused-variable]
   16 |  float resultadoMultiplicacion;
      |        ^~~~~~~~~~~~~~~~~~~~~~~
..\src\Tp1.c:15:8: warning: unused variable 'resultadoResta' [-Wunused-variable]
   15 |  float resultadoResta;
      |        ^~~~~~~~~~~~~~
..\src\Tp1.c:14:8: warning: unused variable 'resultadoSuma' [-Wunused-variable]
   14 |  float resultadoSuma;
      |        ^~~~~~~~~~~~~
gcc -o Tp1.exe "src\\Tp1.o" "src\\UTNBiblioteca_Input.o" "src\\UTNBiblioteca_Validar.o" 
23:28:47 **** Incremental Build of configuration Debug for project Tp1 ****
Info: Internal Builder is used for build
gcc -O0 -g3 -Wall -c -fmessage-length=0 -o "src\\Tp1.o" "..\\src\\Tp1.c" 
..\src\Tp1.c: In function 'main':
..\src\Tp1.c:97:57: error: 'numeroA' undeclared (first use in this function)
   97 |      printf("\nEl resultado de %.2f + %.2f es: %.2f\n", numeroA, numeroB, resultadoSuma);
      |                                                         ^~~~~~~
..\src\Tp1.c:97:57: note: each undeclared identifier is reported only once for each function it appears in
..\src\Tp1.c:97:66: error: 'numeroB' undeclared (first use in this function)
   97 |      printf("\nEl resultado de %.2f + %.2f es: %.2f\n", numeroA, numeroB, resultadoSuma);
      |                                                                  ^~~~~~~
..\src\Tp1.c:97:75: error: 'resultadoSuma' undeclared (first use in this function)
   97 |      printf("\nEl resultado de %.2f + %.2f es: %.2f\n", numeroA, numeroB, resultadoSuma);
      |                                                                           ^~~~~~~~~~~~~
..\src\Tp1.c:30:8: warning: variable 'diferenciaDePrecios' set but not used [-Wunused-but-set-variable]
   30 |  float diferenciaDePrecios;
      |        ^~~~~~~~~~~~~~~~~~~
..\src\Tp1.c:28:8: warning: variable 'resultadoBitcoinLatam' set but not used [-Wunused-but-set-variable]
   28 |  float resultadoBitcoinLatam;
      |        ^~~~~~~~~~~~~~~~~~~~~
..\src\Tp1.c:27:8: warning: variable 'precioConInteresLatam' set but not used [-Wunused-but-set-variable]
   27 |  float precioConInteresLatam;
      |        ^~~~~~~~~~~~~~~~~~~~~
..\src\Tp1.c:26:8: warning: variable 'precioConDescuentoLatam' set but not used [-Wunused-but-set-variable]
   26 |  float precioConDescuentoLatam;
      |        ^~~~~~~~~~~~~~~~~~~~~~~
..\src\Tp1.c:23:8: warning: variable 'resultadoBitcoinAerolineas' set but not used [-Wunused-but-set-variable]
   23 |  float resultadoBitcoinAerolineas;
      |        ^~~~~~~~~~~~~~~~~~~~~~~~~~
..\src\Tp1.c:22:8: warning: variable 'precioConInteresAerolineas' set but not used [-Wunused-but-set-variable]
   22 |  float precioConInteresAerolineas;
      |        ^~~~~~~~~~~~~~~~~~~~~~~~~~
..\src\Tp1.c:21:8: warning: variable 'precioConDescuentoAerolineas' set but not used [-Wunused-but-set-variable]
   21 |  float precioConDescuentoAerolineas;
      |        ^~~~~~~~~~~~~~~~~~~~~~~~~~~~
23:29:04 **** Incremental Build of configuration Debug for project Tp1 ****
Info: Internal Builder is used for build
gcc -O0 -g3 -Wall -c -fmessage-length=0 -o "src\\Tp1.o" "..\\src\\Tp1.c" 
..\src\Tp1.c: In function 'main':
..\src\Tp1.c:97:57: error: 'numeroA' undeclared (first use in this function)
   97 |      printf("\nEl resultado de %.2f + %.2f es: %.2f\n", numeroA, numeroB, resultadoSuma);
      |                                                         ^~~~~~~
..\src\Tp1.c:97:57: note: each undeclared identifier is reported only once for each function it appears in
..\src\Tp1.c:97:66: error: 'numeroB' undeclared (first use in this function)
   97 |      printf("\nEl resultado de %.2f + %.2f es: %.2f\n", numeroA, numeroB, resultadoSuma);
      |                                                                  ^~~~~~~
..\src\Tp1.c:97:75: error: 'resultadoSuma' undeclared (first use in this function)
   97 |      printf("\nEl resultado de %.2f + %.2f es: %.2f\n", numeroA, numeroB, resultadoSuma);
      |                                                                           ^~~~~~~~~~~~~
..\src\Tp1.c:30:8: warning: variable 'diferenciaDePrecios' set but not used [-Wunused-but-set-variable]
   30 |  float diferenciaDePrecios;
      |        ^~~~~~~~~~~~~~~~~~~
..\src\Tp1.c:28:8: warning: variable 'resultadoBitcoinLatam' set but not used [-Wunused-but-set-variable]
   28 |  float resultadoBitcoinLatam;
      |        ^~~~~~~~~~~~~~~~~~~~~
..\src\Tp1.c:27:8: warning: variable 'precioConInteresLatam' set but not used [-Wunused-but-set-variable]
   27 |  float precioConInteresLatam;
      |        ^~~~~~~~~~~~~~~~~~~~~
..\src\Tp1.c:26:8: warning: variable 'precioConDescuentoLatam' set but not used [-Wunused-but-set-variable]
   26 |  float precioConDescuentoLatam;
      |        ^~~~~~~~~~~~~~~~~~~~~~~
..\src\Tp1.c:23:8: warning: variable 'resultadoBitcoinAerolineas' set but not used [-Wunused-but-set-variable]
   23 |  float resultadoBitcoinAerolineas;
      |        ^~~~~~~~~~~~~~~~~~~~~~~~~~
..\src\Tp1.c:22:8: warning: variable 'precioConInteresAerolineas' set but not used [-Wunused-but-set-variable]
   22 |  float precioConInteresAerolineas;
      |        ^~~~~~~~~~~~~~~~~~~~~~~~~~
..\src\Tp1.c:21:8: warning: variable 'precioConDescuentoAerolineas' set but not used [-Wunused-but-set-variable]
   21 |  float precioConDescuentoAerolineas;
      |        ^~~~~~~~~~~~~~~~~~~~~~~~~~~~
23:33:42 **** Incremental Build of configuration Debug for project Tp1 ****
Info: Internal Builder is used for build
gcc -O0 -g3 -Wall -c -fmessage-length=0 -o "src\\UTNBiblioteca_Input.o" "..\\src\\UTNBiblioteca_Input.c" 
gcc -O0 -g3 -Wall -c -fmessage-length=0 -o "src\\Tp1.o" "..\\src\\Tp1.c" 
..\src\Tp1.c: In function 'main':
..\src\Tp1.c:30:8: warning: variable 'diferenciaDePrecios' set but not used [-Wunused-but-set-variable]
   30 |  float diferenciaDePrecios;
      |        ^~~~~~~~~~~~~~~~~~~
..\src\Tp1.c:28:8: warning: variable 'resultadoBitcoinLatam' set but not used [-Wunused-but-set-variable]
   28 |  float resultadoBitcoinLatam;
      |        ^~~~~~~~~~~~~~~~~~~~~
..\src\Tp1.c:27:8: warning: variable 'precioConInteresLatam' set but not used [-Wunused-but-set-variable]
   27 |  float precioConInteresLatam;
      |        ^~~~~~~~~~~~~~~~~~~~~
..\src\Tp1.c:26:8: warning: variable 'precioConDescuentoLatam' set but not used [-Wunused-but-set-variable]
   26 |  float precioConDescuentoLatam;
      |        ^~~~~~~~~~~~~~~~~~~~~~~
..\src\Tp1.c:23:8: warning: variable 'resultadoBitcoinAerolineas' set but not used [-Wunused-but-set-variable]
   23 |  float resultadoBitcoinAerolineas;
      |        ^~~~~~~~~~~~~~~~~~~~~~~~~~
..\src\Tp1.c:22:8: warning: variable 'precioConInteresAerolineas' set but not used [-Wunused-but-set-variable]
   22 |  float precioConInteresAerolineas;
      |        ^~~~~~~~~~~~~~~~~~~~~~~~~~
..\src\Tp1.c:21:8: warning: variable 'precioConDescuentoAerolineas' set but not used [-Wunused-but-set-variable]
   21 |  float precioConDescuentoAerolineas;
      |        ^~~~~~~~~~~~~~~~~~~~~~~~~~~~
gcc -o Tp1.exe "src\\Tp1.o" "src\\UTNBiblioteca_Input.o" "src\\UTNBiblioteca_Validar.o" 
23:41:05 **** Incremental Build of configuration Debug for project Tp1 ****
Info: Internal Builder is used for build
gcc -O0 -g3 -Wall -c -fmessage-length=0 -o "src\\Tp1.o" "..\\src\\Tp1.c" 
..\src\Tp1.c: In function 'main':
..\src\Tp1.c:98:8: warning: format '%f' expects a matching 'double' argument [-Wformat=]
   98 |        "\nKilometros ingresados: %f km"
      |        ^~~~~~~~~~~~~~~~~~~~~~~~~~~~~~~~
..\src\Tp1.c:111:42: note: format string is defined here
  111 |        "\nLa diferencia de precio es: $ %f",
      |                                         ~^
      |                                          |
      |                                          double
..\src\Tp1.c:30:8: warning: variable 'diferenciaDePrecios' set but not used [-Wunused-but-set-variable]
   30 |  float diferenciaDePrecios;
      |        ^~~~~~~~~~~~~~~~~~~
gcc -o Tp1.exe "src\\Tp1.o" "src\\UTNBiblioteca_Input.o" "src\\UTNBiblioteca_Validar.o" 
23:41:20 **** Incremental Build of configuration Debug for project Tp1 ****
Info: Internal Builder is used for build
gcc -O0 -g3 -Wall -c -fmessage-length=0 -o "src\\Tp1.o" "..\\src\\Tp1.c" 
..\src\Tp1.c: In function 'main':
..\src\Tp1.c:98:8: warning: format '%f' expects a matching 'double' argument [-Wformat=]
   98 |        "\nKilometros ingresados: %2f km"
      |        ^~~~~~~~~~~~~~~~~~~~~~~~~~~~~~~~~
..\src\Tp1.c:111:42: note: format string is defined here
  111 |        "\nLa diferencia de precio es: $ %f",
      |                                         ~^
      |                                          |
      |                                          double
..\src\Tp1.c:30:8: warning: variable 'diferenciaDePrecios' set but not used [-Wunused-but-set-variable]
   30 |  float diferenciaDePrecios;
      |        ^~~~~~~~~~~~~~~~~~~
gcc -o Tp1.exe "src\\Tp1.o" "src\\UTNBiblioteca_Input.o" "src\\UTNBiblioteca_Validar.o" 
23:41:45 **** Incremental Build of configuration Debug for project Tp1 ****
Info: Internal Builder is used for build
gcc -O0 -g3 -Wall -c -fmessage-length=0 -o "src\\Tp1.o" "..\\src\\Tp1.c" 
gcc -o Tp1.exe "src\\Tp1.o" "src\\UTNBiblioteca_Input.o" "src\\UTNBiblioteca_Validar.o" 
23:44:37 **** Incremental Build of configuration Debug for project Tp1 ****
Info: Internal Builder is used for build
gcc -O0 -g3 -Wall -c -fmessage-length=0 -o "src\\Tp1.o" "..\\src\\Tp1.c" 
gcc -o Tp1.exe "src\\Tp1.o" "src\\UTNBiblioteca_Input.o" "src\\UTNBiblioteca_Validar.o" 
23:50:06 **** Incremental Build of configuration Debug for project Tp1 ****
Info: Internal Builder is used for build
gcc -O0 -g3 -Wall -c -fmessage-length=0 -o "src\\Tp1.o" "..\\src\\Tp1.c" 
gcc -o Tp1.exe "src\\Tp1.o" "src\\UTNBiblioteca_Input.o" "src\\UTNBiblioteca_Validar.o" 
Info: Nothing to build for Tp1
23:52:47 **** Incremental Build of configuration Debug for project Tp1 ****
Info: Internal Builder is used for build
gcc -O0 -g3 -Wall -c -fmessage-length=0 -o "src\\Tp1.o" "..\\src\\Tp1.c" 
gcc -o Tp1.exe "src\\Tp1.o" "src\\UTNBiblioteca_Input.o" "src\\UTNBiblioteca_Validar.o" 
Info: Nothing to build for Tp1
23:54:37 **** Incremental Build of configuration Debug for project Tp1 ****
Info: Internal Builder is used for build
gcc -O0 -g3 -Wall -c -fmessage-length=0 -o "src\\Tp1.o" "..\\src\\Tp1.c" 
gcc -o Tp1.exe "src\\Tp1.o" "src\\UTNBiblioteca_Input.o" "src\\UTNBiblioteca_Validar.o" 
00:05:29 **** Incremental Build of configuration Debug for project Tp1 ****
Info: Internal Builder is used for build
gcc -O0 -g3 -Wall -c -fmessage-length=0 -o "src\\Tp1.o" "..\\src\\Tp1.c" 
gcc -O0 -g3 -Wall -c -fmessage-length=0 -o "src\\UTNBiblioteca_Input.o" "..\\src\\UTNBiblioteca_Input.c" 
gcc -o Tp1.exe "src\\Tp1.o" "src\\UTNBiblioteca_Input.o" "src\\UTNBiblioteca_Validar.o" 
00:28:01 **** Incremental Build of configuration Debug for project Tp1 ****
Info: Internal Builder is used for build
gcc -O0 -g3 -Wall -c -fmessage-length=0 -o "src\\Tp1.o" "..\\src\\Tp1.c" 
gcc -O0 -g3 -Wall -c -fmessage-length=0 -o "src\\UTNBiblioteca_Input.o" "..\\src\\UTNBiblioteca_Input.c" 
gcc -o Tp1.exe "src\\Tp1.o" "src\\UTNBiblioteca_Input.o" "src\\UTNBiblioteca_Validar.o" 
Info: Nothing to build for Tp1
00:31:07 **** Incremental Build of configuration Debug for project Tp1 ****
Info: Internal Builder is used for build
gcc -O0 -g3 -Wall -c -fmessage-length=0 -o "src\\Tp1.o" "..\\src\\Tp1.c" 
gcc -O0 -g3 -Wall -c -fmessage-length=0 -o "src\\UTNBiblioteca_Input.o" "..\\src\\UTNBiblioteca_Input.c" 
gcc -o Tp1.exe "src\\Tp1.o" "src\\UTNBiblioteca_Input.o" "src\\UTNBiblioteca_Validar.o" 
Info: Nothing to build for Tp1
00:34:28 **** Incremental Build of configuration Debug for project Tp1 ****
Info: Internal Builder is used for build
gcc -O0 -g3 -Wall -c -fmessage-length=0 -o "src\\Tp1.o" "..\\src\\Tp1.c" 
gcc -o Tp1.exe "src\\Tp1.o" "src\\UTNBiblioteca_Input.o" "src\\UTNBiblioteca_Validar.o" 
Info: Nothing to build for Tp1
Info: Nothing to build for Tp1
00:40:26 **** Incremental Build of configuration Debug for project Tp1 ****
Info: Internal Builder is used for build
gcc -O0 -g3 -Wall -c -fmessage-length=0 -o "src\\UTNBiblioteca_Input.o" "..\\src\\UTNBiblioteca_Input.c" 
gcc -O0 -g3 -Wall -c -fmessage-length=0 -o "src\\Tp1.o" "..\\src\\Tp1.c" 
gcc -o Tp1.exe "src\\Tp1.o" "src\\UTNBiblioteca_Input.o" "src\\UTNBiblioteca_Validar.o" 
00:43:13 **** Incremental Build of configuration Debug for project Tp1 ****
Info: Internal Builder is used for build
gcc -O0 -g3 -Wall -c -fmessage-length=0 -o "src\\UTNBiblioteca_Input.o" "..\\src\\UTNBiblioteca_Input.c" 
gcc -o Tp1.exe "src\\Tp1.o" "src\\UTNBiblioteca_Input.o" "src\\UTNBiblioteca_Validar.o" 
c:/mingw/bin/../lib/gcc/mingw32/9.2.0/../../../../mingw32/bin/ld.exe: cannot open output file Tp1.exe: Permission denied
collect2.exe: error: ld returned 1 exit status
00:43:26 **** Incremental Build of configuration Debug for project Tp1 ****
Info: Internal Builder is used for build
gcc -o Tp1.exe "src\\Tp1.o" "src\\UTNBiblioteca_Input.o" "src\\UTNBiblioteca_Validar.o" 
c:/mingw/bin/../lib/gcc/mingw32/9.2.0/../../../../mingw32/bin/ld.exe: cannot open output file Tp1.exe: Permission denied
collect2.exe: error: ld returned 1 exit status
00:43:31 **** Incremental Build of configuration Debug for project Tp1 ****
Info: Internal Builder is used for build
gcc -o Tp1.exe "src\\Tp1.o" "src\\UTNBiblioteca_Input.o" "src\\UTNBiblioteca_Validar.o" 
c:/mingw/bin/../lib/gcc/mingw32/9.2.0/../../../../mingw32/bin/ld.exe: cannot open output file Tp1.exe: Permission denied
collect2.exe: error: ld returned 1 exit status
00:43:35 **** Incremental Build of configuration Debug for project Tp1 ****
Info: Internal Builder is used for build
gcc -o Tp1.exe "src\\Tp1.o" "src\\UTNBiblioteca_Input.o" "src\\UTNBiblioteca_Validar.o" 
00:48:14 **** Incremental Build of configuration Debug for project Tp1 ****
Info: Internal Builder is used for build
gcc -O0 -g3 -Wall -c -fmessage-length=0 -o "src\\UTNBiblioteca_Input.o" "..\\src\\UTNBiblioteca_Input.c" 
..\src\UTNBiblioteca_Input.c: In function 'CalcularPorcentaje':
..\src\UTNBiblioteca_Input.c:112:6: error: redeclaration of 'descontarPorcentaje' with no linkage
  112 |  int descontarPorcentaje;
      |      ^~~~~~~~~~~~~~~~~~~
..\src\UTNBiblioteca_Input.c:111:6: note: previous declaration of 'descontarPorcentaje' was here
  111 |  int descontarPorcentaje;
      |      ^~~~~~~~~~~~~~~~~~~
00:48:18 **** Incremental Build of configuration Debug for project Tp1 ****
Info: Internal Builder is used for build
gcc -O0 -g3 -Wall -c -fmessage-length=0 -o "src\\Tp1.o" "..\\src\\Tp1.c" 
gcc -O0 -g3 -Wall -c -fmessage-length=0 -o "src\\UTNBiblioteca_Input.o" "..\\src\\UTNBiblioteca_Input.c" 
..\src\UTNBiblioteca_Input.c: In function 'CalcularPorcentaje':
..\src\UTNBiblioteca_Input.c:112:6: error: redeclaration of 'descontarPorcentaje' with no linkage
  112 |  int descontarPorcentaje;
      |      ^~~~~~~~~~~~~~~~~~~
..\src\UTNBiblioteca_Input.c:111:6: note: previous declaration of 'descontarPorcentaje' was here
  111 |  int descontarPorcentaje;
      |      ^~~~~~~~~~~~~~~~~~~
00:48:26 **** Incremental Build of configuration Debug for project Tp1 ****
Info: Internal Builder is used for build
gcc -O0 -g3 -Wall -c -fmessage-length=0 -o "src\\UTNBiblioteca_Input.o" "..\\src\\UTNBiblioteca_Input.c" 
..\src\UTNBiblioteca_Input.c: In function 'CalcularPorcentaje':
..\src\UTNBiblioteca_Input.c:112:8: error: redeclaration of 'descontarPorcentaje' with no linkage
  112 |  float descontarPorcentaje;
      |        ^~~~~~~~~~~~~~~~~~~
..\src\UTNBiblioteca_Input.c:111:8: note: previous declaration of 'descontarPorcentaje' was here
  111 |  float descontarPorcentaje;
      |        ^~~~~~~~~~~~~~~~~~~
00:48:43 **** Incremental Build of configuration Debug for project Tp1 ****
Info: Internal Builder is used for build
gcc -O0 -g3 -Wall -c -fmessage-length=0 -o "src\\UTNBiblioteca_Input.o" "..\\src\\UTNBiblioteca_Input.c" 
..\src\UTNBiblioteca_Input.c: In function 'CalcularPorcentaje':
..\src\UTNBiblioteca_Input.c:111:8: error: 'sumarPorcentaje' redeclared as different kind of symbol
  111 |  float sumarPorcentaje;
      |        ^~~~~~~~~~~~~~~
..\src\UTNBiblioteca_Input.c:109:62: note: previous definition of 'sumarPorcentaje' was here
  109 | float CalcularPorcentaje(float numero, float porcentaje, int sumarPorcentaje){
      |                                                          ~~~~^~~~~~~~~~~~~~~
00:48:54 **** Incremental Build of configuration Debug for project Tp1 ****
Info: Internal Builder is used for build
gcc -O0 -g3 -Wall -c -fmessage-length=0 -o "src\\UTNBiblioteca_Input.o" "..\\src\\UTNBiblioteca_Input.c" 
..\src\UTNBiblioteca_Input.c: In function 'CalcularPorcentaje':
..\src\UTNBiblioteca_Input.c:111:8: error: 'sumarPorcentaje' redeclared as different kind of symbol
  111 |  float sumarPorcentaje;
      |        ^~~~~~~~~~~~~~~
..\src\UTNBiblioteca_Input.c:109:62: note: previous definition of 'sumarPorcentaje' was here
  109 | float CalcularPorcentaje(float numero, float porcentaje, int sumarPorcentaje){
      |                                                          ~~~~^~~~~~~~~~~~~~~
00:49:15 **** Incremental Build of configuration Debug for project Tp1 ****
Info: Internal Builder is used for build
gcc -O0 -g3 -Wall -c -fmessage-length=0 -o "src\\UTNBiblioteca_Input.o" "..\\src\\UTNBiblioteca_Input.c" 
..\src\UTNBiblioteca_Input.c: In function 'CalcularPorcentaje':
..\src\UTNBiblioteca_Input.c:111:8: warning: variable 'agregarPorcentaje' set but not used [-Wunused-but-set-variable]
  111 |  float agregarPorcentaje;
      |        ^~~~~~~~~~~~~~~~~
gcc -o Tp1.exe "src\\Tp1.o" "src\\UTNBiblioteca_Input.o" "src\\UTNBiblioteca_Validar.o" 
00:49:23 **** Incremental Build of configuration Debug for project Tp1 ****
Info: Internal Builder is used for build
gcc -O0 -g3 -Wall -c -fmessage-length=0 -o "src\\UTNBiblioteca_Input.o" "..\\src\\UTNBiblioteca_Input.c" 
gcc -o Tp1.exe "src\\Tp1.o" "src\\UTNBiblioteca_Input.o" "src\\UTNBiblioteca_Validar.o" 
Info: Nothing to build for Tp1
00:51:27 **** Incremental Build of configuration Debug for project Tp1 ****
Info: Internal Builder is used for build
gcc -O0 -g3 -Wall -c -fmessage-length=0 -o "src\\Tp1.o" "..\\src\\Tp1.c" 
gcc -o Tp1.exe "src\\Tp1.o" "src\\UTNBiblioteca_Input.o" "src\\UTNBiblioteca_Validar.o" 
Info: Nothing to build for Tp1
01:07:03 **** Incremental Build of configuration Debug for project Tp1 ****
Info: Internal Builder is used for build
gcc -O0 -g3 -Wall -c -fmessage-length=0 -o "src\\Tp1.o" "..\\src\\Tp1.c" 
gcc -o Tp1.exe "src\\Tp1.o" "src\\UTNBiblioteca_Input.o" "src\\UTNBiblioteca_Validar.o" 
Info: Nothing to build for Tp1
01:11:46 **** Incremental Build of configuration Debug for project Tp1 ****
Info: Internal Builder is used for build
gcc -O0 -g3 -Wall -c -fmessage-length=0 -o "src\\Tp1.o" "..\\src\\Tp1.c" 
gcc -o Tp1.exe "src\\Tp1.o" "src\\UTNBiblioteca_Input.o" "src\\UTNBiblioteca_Validar.o" 
Info: Nothing to build for Tp1
01:14:34 **** Incremental Build of configuration Debug for project Tp1 ****
Info: Internal Builder is used for build
gcc -O0 -g3 -Wall -c -fmessage-length=0 -o "src\\Tp1.o" "..\\src\\Tp1.c" 
gcc -o Tp1.exe "src\\Tp1.o" "src\\UTNBiblioteca_Input.o" "src\\UTNBiblioteca_Validar.o" 
01:15:51 **** Incremental Build of configuration Debug for project Tp1 ****
Info: Internal Builder is used for build
gcc -O0 -g3 -Wall -c -fmessage-length=0 -o "src\\Tp1.o" "..\\src\\Tp1.c" 
gcc -o Tp1.exe "src\\Tp1.o" "src\\UTNBiblioteca_Input.o" "src\\UTNBiblioteca_Validar.o" 
01:17:36 **** Incremental Build of configuration Debug for project Tp1 ****
Info: Internal Builder is used for build
gcc -O0 -g3 -Wall -c -fmessage-length=0 -o "src\\Tp1.o" "..\\src\\Tp1.c" 
gcc -o Tp1.exe "src\\Tp1.o" "src\\UTNBiblioteca_Input.o" "src\\UTNBiblioteca_Validar.o" 
01:18:19 **** Incremental Build of configuration Debug for project Tp1 ****
Info: Internal Builder is used for build
gcc -O0 -g3 -Wall -c -fmessage-length=0 -o "src\\Tp1.o" "..\\src\\Tp1.c" 
gcc -o Tp1.exe "src\\Tp1.o" "src\\UTNBiblioteca_Input.o" "src\\UTNBiblioteca_Validar.o" 
01:21:53 **** Incremental Build of configuration Debug for project Tp1 ****
Info: Internal Builder is used for build
gcc -O0 -g3 -Wall -c -fmessage-length=0 -o "src\\UTNBiblioteca_Input.o" "..\\src\\UTNBiblioteca_Input.c" 
gcc -O0 -g3 -Wall -c -fmessage-length=0 -o "src\\Tp1.o" "..\\src\\Tp1.c" 
gcc -O0 -g3 -Wall -c -fmessage-length=0 -o "src\\UTNBiblioteca_Validar.o" "..\\src\\UTNBiblioteca_Validar.c" 
gcc -o Tp1.exe "src\\Tp1.o" "src\\UTNBiblioteca_Input.o" "src\\UTNBiblioteca_Validar.o" 
Info: Nothing to build for Tp1
